[debug] [2018-01-09T17:47:45.217Z] ----------------------------------------------------------------------
[debug] [2018-01-09T17:47:45.221Z] Command:       C:\Program Files\nodejs\node.exe C:\Users\soura\AppData\Roaming\npm\node_modules\firebase-tools\bin\firebase deploy
[debug] [2018-01-09T17:47:45.221Z] CLI Version:   3.16.0
[debug] [2018-01-09T17:47:45.221Z] Platform:      win32
[debug] [2018-01-09T17:47:45.221Z] Node Version:  v8.9.3
[debug] [2018-01-09T17:47:45.221Z] Time:          Tue Jan 09 2018 23:17:45 GMT+0530 (India Standard Time)
[debug] [2018-01-09T17:47:45.221Z] ----------------------------------------------------------------------
[debug] 
[debug] [2018-01-09T17:47:45.331Z] > command requires scopes: ["email","openid","https://www.googleapis.com/auth/cloudplatformprojects.readonly","https://www.googleapis.com/auth/firebase","https://www.googleapis.com/auth/cloud-platform"]
[debug] [2018-01-09T17:47:45.331Z] > authorizing via signed-in user
[debug] [2018-01-09T17:47:45.335Z] > refreshing access token with scopes: ["email","https://www.googleapis.com/auth/cloud-platform","https://www.googleapis.com/auth/cloudplatformprojects.readonly","https://www.googleapis.com/auth/firebase","openid"]
[debug] [2018-01-09T17:47:45.335Z] >>> HTTP REQUEST POST https://www.googleapis.com/oauth2/v3/token  
 { refresh_token: '1/H4GK4jcoTVyWUX1kqO3i2h3xb351jYyjwPxwNWDNmhWat9r-3ZZrZGtAp9i4XSpA',
  client_id: '563584335869-fgrhgmd47bqnekij5i8b5pr03ho849e6.apps.googleusercontent.com',
  client_secret: 'j9iVZfS8kkCEFUPaAeJV0sAi',
  grant_type: 'refresh_token',
  scope: 'email https://www.googleapis.com/auth/cloud-platform https://www.googleapis.com/auth/cloudplatformprojects.readonly https://www.googleapis.com/auth/firebase openid' } 
 Tue Jan 09 2018 23:17:45 GMT+0530 (India Standard Time)
[debug] [2018-01-09T17:47:46.088Z] <<< HTTP RESPONSE 200
[debug] [2018-01-09T17:47:46.158Z] >>> HTTP REQUEST GET https://admin.firebase.com/v1/projects/angular-material-demo-app  
  
 Tue Jan 09 2018 23:17:46 GMT+0530 (India Standard Time)
